  [1m[35m (1254.1ms)[0m  [1m[35mCREATE DATABASE "intro_project_development" ENCODING = 'unicode'[0m
  ↳ /home/aseemar/.rbenv/versions/2.5.1/bin/rake:23
  [1m[35m (550.1ms)[0m  [1m[35mCREATE DATABASE "intro_project_test" ENCODING = 'unicode'[0m
  ↳ /home/aseemar/.rbenv/versions/2.5.1/bin/rake:23
  [1m[35m (95.5ms)[0m  [1m[35mCREATE TABLE "schema_migrations" ("version" character varying NOT NULL PRIMARY KEY)[0m
  ↳ /home/aseemar/.rbenv/versions/2.5.1/bin/rake:23
  [1m[35m (82.0ms)[0m  [1m[35mCREATE TABLE "ar_internal_metadata" ("key" character varying NOT NULL PRIMARY KEY, "value" character varying, "created_at" timestamp NOT NULL, "updated_at" timestamp NOT NULL)[0m
  ↳ /home/aseemar/.rbenv/versions/2.5.1/bin/rake:23
  [1m[35m (0.6ms)[0m  [1m[34mSELECT pg_try_advisory_lock(2430598305316995135)[0m
  ↳ /home/aseemar/.rbenv/versions/2.5.1/bin/rake:23
  [1m[35m (0.9ms)[0m  [1m[34mSELECT "schema_migrations"."version" FROM "schema_migrations" ORDER BY "schema_migrations"."version" ASC[0m
  ↳ /home/aseemar/.rbenv/versions/2.5.1/bin/rake:23
Migrating to CreatePeopleTable (20190327051556)
  [1m[35m (0.3ms)[0m  [1m[34mSELECT pg_advisory_unlock(2430598305316995135)[0m
  ↳ /home/aseemar/.rbenv/versions/2.5.1/bin/rake:23
  [1m[35m (0.1ms)[0m  [1m[34mSELECT pg_try_advisory_lock(2430598305316995135)[0m
  ↳ /home/aseemar/.rbenv/versions/2.5.1/bin/rake:23
  [1m[35m (0.3ms)[0m  [1m[34mSELECT "schema_migrations"."version" FROM "schema_migrations" ORDER BY "schema_migrations"."version" ASC[0m
  ↳ /home/aseemar/.rbenv/versions/2.5.1/bin/rake:23
Migrating to CreatePeopleTable (20190327051556)
  [1m[35m (0.1ms)[0m  [1m[35mBEGIN[0m
  ↳ /home/aseemar/.rbenv/versions/2.5.1/bin/rake:23
  [1m[35m (46.1ms)[0m  [1m[35mCREATE TABLE "people" ("id" bigserial primary key, "house_id" integer, "created_at" timestamp, "updated_at" timestamp)[0m
  ↳ db/migrate/20190327051556_create_people_table.rb:3
  [1m[36mActiveRecord::SchemaMigration Create (1.7ms)[0m  [1m[32mINSERT INTO "schema_migrations" ("version") VALUES ($1) RETURNING "version"[0m  [["version", "20190327051556"]]
  ↳ /home/aseemar/.rbenv/versions/2.5.1/bin/rake:23
  [1m[35m (8.8ms)[0m  [1m[35mCOMMIT[0m
  ↳ /home/aseemar/.rbenv/versions/2.5.1/bin/rake:23
  [1m[36mActiveRecord::InternalMetadata Load (1.4ms)[0m  [1m[34mSELECT  "ar_internal_metadata".* FROM "ar_internal_metadata" WHERE "ar_internal_metadata"."key" = $1 LIMIT $2[0m  [["key", "environment"], ["LIMIT", 1]]
  ↳ /home/aseemar/.rbenv/versions/2.5.1/bin/rake:23
  [1m[35m (0.7ms)[0m  [1m[35mBEGIN[0m
  ↳ /home/aseemar/.rbenv/versions/2.5.1/bin/rake:23
  [1m[36mActiveRecord::InternalMetadata Create (1.7ms)[0m  [1m[32mINSERT INTO "ar_internal_metadata" ("key", "value", "created_at", "updated_at") VALUES ($1, $2, $3, $4) RETURNING "key"[0m  [["key", "environment"], ["value", "development"], ["created_at", "2019-03-27 05:37:39.269174"], ["updated_at", "2019-03-27 05:37:39.269174"]]
  ↳ /home/aseemar/.rbenv/versions/2.5.1/bin/rake:23
  [1m[35m (4.9ms)[0m  [1m[35mCOMMIT[0m
  ↳ /home/aseemar/.rbenv/versions/2.5.1/bin/rake:23
  [1m[35m (0.2ms)[0m  [1m[34mSELECT pg_advisory_unlock(2430598305316995135)[0m
  ↳ /home/aseemar/.rbenv/versions/2.5.1/bin/rake:23
  [1m[35m (0.4ms)[0m  [1m[34mSELECT "schema_migrations"."version" FROM "schema_migrations" ORDER BY "schema_migrations"."version" ASC[0m
  ↳ /home/aseemar/.rbenv/versions/2.5.1/bin/rake:23
  [1m[35m (0.4ms)[0m  [1m[34mSELECT "schema_migrations"."version" FROM "schema_migrations" ORDER BY "schema_migrations"."version" ASC[0m
  ↳ /home/aseemar/.rbenv/versions/2.5.1/bin/rake:23
  [1m[35m (0.3ms)[0m  [1m[34mSELECT "schema_migrations"."version" FROM "schema_migrations" ORDER BY "schema_migrations"."version" ASC[0m
  ↳ /home/aseemar/.rbenv/versions/2.5.1/bin/rake:23
  [1m[35m (0.2ms)[0m  [1m[34mSELECT "schema_migrations"."version" FROM "schema_migrations" ORDER BY "schema_migrations"."version" ASC[0m
  ↳ /home/aseemar/.rbenv/versions/2.5.1/bin/rake:23
  [1m[35m (0.1ms)[0m  [1m[34mSELECT pg_try_advisory_lock(2430598305316995135)[0m
  ↳ /home/aseemar/.rbenv/versions/2.5.1/bin/rake:23
  [1m[35m (0.2ms)[0m  [1m[34mSELECT "schema_migrations"."version" FROM "schema_migrations" ORDER BY "schema_migrations"."version" ASC[0m
  ↳ /home/aseemar/.rbenv/versions/2.5.1/bin/rake:23
Migrating to CreatePeopleTable (20190327051556)
  [1m[35m (0.1ms)[0m  [1m[35mBEGIN[0m
  ↳ /home/aseemar/.rbenv/versions/2.5.1/bin/rake:23
  [1m[35m (3.0ms)[0m  [1m[35mDROP TABLE "people"[0m
  ↳ /home/aseemar/.rbenv/versions/2.5.1/bin/rake:23
  [1m[36mActiveRecord::SchemaMigration Destroy (0.5ms)[0m  [1m[31mDELETE FROM "schema_migrations" WHERE "schema_migrations"."version" = $1[0m  [["version", "20190327051556"]]
  ↳ /home/aseemar/.rbenv/versions/2.5.1/bin/rake:23
  [1m[35m (15.5ms)[0m  [1m[35mCOMMIT[0m
  ↳ /home/aseemar/.rbenv/versions/2.5.1/bin/rake:23
  [1m[35m (0.4ms)[0m  [1m[34mSELECT pg_advisory_unlock(2430598305316995135)[0m
  ↳ /home/aseemar/.rbenv/versions/2.5.1/bin/rake:23
  [1m[35m (0.8ms)[0m  [1m[34mSELECT "schema_migrations"."version" FROM "schema_migrations" ORDER BY "schema_migrations"."version" ASC[0m
  ↳ /home/aseemar/.rbenv/versions/2.5.1/bin/rake:23
  [1m[35m (0.1ms)[0m  [1m[34mSELECT pg_try_advisory_lock(2430598305316995135)[0m
  ↳ /home/aseemar/.rbenv/versions/2.5.1/bin/rake:23
  [1m[35m (0.4ms)[0m  [1m[34mSELECT "schema_migrations"."version" FROM "schema_migrations" ORDER BY "schema_migrations"."version" ASC[0m
  ↳ /home/aseemar/.rbenv/versions/2.5.1/bin/rake:23
Migrating to CreatePeopleTable (20190327051556)
  [1m[35m (0.1ms)[0m  [1m[35mBEGIN[0m
  ↳ /home/aseemar/.rbenv/versions/2.5.1/bin/rake:23
  [1m[35m (29.7ms)[0m  [1m[35mCREATE TABLE "people" ("id" bigserial primary key, "house_id" integer, "created_at" timestamp, "updated_at" timestamp)[0m
  ↳ db/migrate/20190327051556_create_people_table.rb:3
  [1m[36mActiveRecord::SchemaMigration Create (0.6ms)[0m  [1m[32mINSERT INTO "schema_migrations" ("version") VALUES ($1) RETURNING "version"[0m  [["version", "20190327051556"]]
  ↳ /home/aseemar/.rbenv/versions/2.5.1/bin/rake:23
  [1m[35m (9.7ms)[0m  [1m[35mCOMMIT[0m
  ↳ /home/aseemar/.rbenv/versions/2.5.1/bin/rake:23
Migrating to CreateHouses (20190327053821)
  [1m[35m (0.2ms)[0m  [1m[35mBEGIN[0m
  ↳ /home/aseemar/.rbenv/versions/2.5.1/bin/rake:23
  [1m[35m (0.1ms)[0m  [1m[31mROLLBACK[0m
  ↳ /home/aseemar/.rbenv/versions/2.5.1/bin/rake:23
  [1m[35m (0.3ms)[0m  [1m[34mSELECT pg_advisory_unlock(2430598305316995135)[0m
  ↳ /home/aseemar/.rbenv/versions/2.5.1/bin/rake:23
  [1m[35m (0.2ms)[0m  [1m[34mSELECT pg_try_advisory_lock(2430598305316995135)[0m
  ↳ /home/aseemar/.rbenv/versions/2.5.1/bin/rake:23
  [1m[35m (0.9ms)[0m  [1m[34mSELECT "schema_migrations"."version" FROM "schema_migrations" ORDER BY "schema_migrations"."version" ASC[0m
  ↳ /home/aseemar/.rbenv/versions/2.5.1/bin/rake:23
Migrating to CreateHouses (20190327053821)
  [1m[35m (0.3ms)[0m  [1m[35mBEGIN[0m
  ↳ /home/aseemar/.rbenv/versions/2.5.1/bin/rake:23
  [1m[35m (0.1ms)[0m  [1m[31mROLLBACK[0m
  ↳ /home/aseemar/.rbenv/versions/2.5.1/bin/rake:23
  [1m[35m (0.2ms)[0m  [1m[34mSELECT pg_advisory_unlock(2430598305316995135)[0m
  ↳ /home/aseemar/.rbenv/versions/2.5.1/bin/rake:23
  [1m[35m (0.1ms)[0m  [1m[34mSELECT pg_try_advisory_lock(2430598305316995135)[0m
  ↳ /home/aseemar/.rbenv/versions/2.5.1/bin/rake:23
  [1m[35m (0.3ms)[0m  [1m[34mSELECT "schema_migrations"."version" FROM "schema_migrations" ORDER BY "schema_migrations"."version" ASC[0m
  ↳ /home/aseemar/.rbenv/versions/2.5.1/bin/rake:23
Migrating to CreateHouses (20190327053821)
  [1m[35m (0.1ms)[0m  [1m[35mBEGIN[0m
  ↳ /home/aseemar/.rbenv/versions/2.5.1/bin/rake:23
  [1m[35m (56.7ms)[0m  [1m[35mCREATE TABLE "houses" ("id" bigserial primary key, "person_id" integer, "created_at" timestamp NOT NULL, "updated_at" timestamp NOT NULL)[0m
  ↳ db/migrate/20190327053821_create_houses.rb:3
  [1m[36mActiveRecord::SchemaMigration Create (0.3ms)[0m  [1m[32mINSERT INTO "schema_migrations" ("version") VALUES ($1) RETURNING "version"[0m  [["version", "20190327053821"]]
  ↳ /home/aseemar/.rbenv/versions/2.5.1/bin/rake:23
  [1m[35m (14.3ms)[0m  [1m[35mCOMMIT[0m
  ↳ /home/aseemar/.rbenv/versions/2.5.1/bin/rake:23
  [1m[36mActiveRecord::InternalMetadata Load (0.2ms)[0m  [1m[34mSELECT  "ar_internal_metadata".* FROM "ar_internal_metadata" WHERE "ar_internal_metadata"."key" = $1 LIMIT $2[0m  [["key", "environment"], ["LIMIT", 1]]
  ↳ /home/aseemar/.rbenv/versions/2.5.1/bin/rake:23
  [1m[35m (0.1ms)[0m  [1m[35mBEGIN[0m
  ↳ /home/aseemar/.rbenv/versions/2.5.1/bin/rake:23
  [1m[35m (0.1ms)[0m  [1m[35mCOMMIT[0m
  ↳ /home/aseemar/.rbenv/versions/2.5.1/bin/rake:23
  [1m[35m (0.1ms)[0m  [1m[34mSELECT pg_advisory_unlock(2430598305316995135)[0m
  ↳ /home/aseemar/.rbenv/versions/2.5.1/bin/rake:23
  [1m[35m (0.2ms)[0m  [1m[34mSELECT "schema_migrations"."version" FROM "schema_migrations" ORDER BY "schema_migrations"."version" ASC[0m
  ↳ /home/aseemar/.rbenv/versions/2.5.1/bin/rake:23
  [1m[35m (0.1ms)[0m  [1m[34mSELECT pg_try_advisory_lock(2430598305316995135)[0m
  ↳ /home/aseemar/.rbenv/versions/2.5.1/bin/rake:23
  [1m[35m (0.5ms)[0m  [1m[34mSELECT "schema_migrations"."version" FROM "schema_migrations" ORDER BY "schema_migrations"."version" ASC[0m
  ↳ /home/aseemar/.rbenv/versions/2.5.1/bin/rake:23
  [1m[36mActiveRecord::InternalMetadata Load (0.4ms)[0m  [1m[34mSELECT  "ar_internal_metadata".* FROM "ar_internal_metadata" WHERE "ar_internal_metadata"."key" = $1 LIMIT $2[0m  [["key", "environment"], ["LIMIT", 1]]
  ↳ /home/aseemar/.rbenv/versions/2.5.1/bin/rake:23
  [1m[35m (0.2ms)[0m  [1m[35mBEGIN[0m
  ↳ /home/aseemar/.rbenv/versions/2.5.1/bin/rake:23
  [1m[35m (0.1ms)[0m  [1m[35mCOMMIT[0m
  ↳ /home/aseemar/.rbenv/versions/2.5.1/bin/rake:23
  [1m[35m (0.1ms)[0m  [1m[34mSELECT pg_advisory_unlock(2430598305316995135)[0m
  ↳ /home/aseemar/.rbenv/versions/2.5.1/bin/rake:23
  [1m[35m (0.1ms)[0m  [1m[34mSELECT "schema_migrations"."version" FROM "schema_migrations" ORDER BY "schema_migrations"."version" ASC[0m
  ↳ /home/aseemar/.rbenv/versions/2.5.1/bin/rake:23
  [1m[35m (0.3ms)[0m  [1m[34mSELECT "schema_migrations"."version" FROM "schema_migrations" ORDER BY "schema_migrations"."version" ASC[0m
  ↳ /home/aseemar/.rbenv/versions/2.5.1/bin/rake:23
  [1m[35m (0.1ms)[0m  [1m[34mSELECT "schema_migrations"."version" FROM "schema_migrations" ORDER BY "schema_migrations"."version" ASC[0m
  ↳ /home/aseemar/.rbenv/versions/2.5.1/bin/rake:23
  [1m[35m (0.1ms)[0m  [1m[34mSELECT "schema_migrations"."version" FROM "schema_migrations" ORDER BY "schema_migrations"."version" ASC[0m
  ↳ /home/aseemar/.rbenv/versions/2.5.1/bin/rake:23
  [1m[35m (0.1ms)[0m  [1m[34mSELECT pg_try_advisory_lock(2430598305316995135)[0m
  ↳ /home/aseemar/.rbenv/versions/2.5.1/bin/rake:23
  [1m[35m (0.1ms)[0m  [1m[34mSELECT "schema_migrations"."version" FROM "schema_migrations" ORDER BY "schema_migrations"."version" ASC[0m
  ↳ /home/aseemar/.rbenv/versions/2.5.1/bin/rake:23
Migrating to CreateHouses (20190327053821)
  [1m[35m (0.1ms)[0m  [1m[35mBEGIN[0m
  ↳ /home/aseemar/.rbenv/versions/2.5.1/bin/rake:23
  [1m[35m (0.7ms)[0m  [1m[35mDROP TABLE "houses"[0m
  ↳ /home/aseemar/.rbenv/versions/2.5.1/bin/rake:23
  [1m[36mActiveRecord::SchemaMigration Destroy (0.4ms)[0m  [1m[31mDELETE FROM "schema_migrations" WHERE "schema_migrations"."version" = $1[0m  [["version", "20190327053821"]]
  ↳ /home/aseemar/.rbenv/versions/2.5.1/bin/rake:23
  [1m[35m (15.3ms)[0m  [1m[35mCOMMIT[0m
  ↳ /home/aseemar/.rbenv/versions/2.5.1/bin/rake:23
  [1m[35m (0.2ms)[0m  [1m[34mSELECT pg_advisory_unlock(2430598305316995135)[0m
  ↳ /home/aseemar/.rbenv/versions/2.5.1/bin/rake:23
  [1m[35m (0.5ms)[0m  [1m[34mSELECT "schema_migrations"."version" FROM "schema_migrations" ORDER BY "schema_migrations"."version" ASC[0m
  ↳ /home/aseemar/.rbenv/versions/2.5.1/bin/rake:23
  [1m[35m (0.3ms)[0m  [1m[34mSELECT "schema_migrations"."version" FROM "schema_migrations" ORDER BY "schema_migrations"."version" ASC[0m
  ↳ /home/aseemar/.rbenv/versions/2.5.1/bin/rake:23
  [1m[35m (0.2ms)[0m  [1m[34mSELECT "schema_migrations"."version" FROM "schema_migrations" ORDER BY "schema_migrations"."version" ASC[0m
  ↳ /home/aseemar/.rbenv/versions/2.5.1/bin/rake:23
  [1m[35m (0.1ms)[0m  [1m[34mSELECT "schema_migrations"."version" FROM "schema_migrations" ORDER BY "schema_migrations"."version" ASC[0m
  ↳ /home/aseemar/.rbenv/versions/2.5.1/bin/rake:23
  [1m[35m (0.1ms)[0m  [1m[34mSELECT pg_try_advisory_lock(2430598305316995135)[0m
  ↳ /home/aseemar/.rbenv/versions/2.5.1/bin/rake:23
  [1m[35m (0.2ms)[0m  [1m[34mSELECT "schema_migrations"."version" FROM "schema_migrations" ORDER BY "schema_migrations"."version" ASC[0m
  ↳ /home/aseemar/.rbenv/versions/2.5.1/bin/rake:23
Migrating to CreatePeopleTable (20190327051556)
  [1m[35m (0.1ms)[0m  [1m[35mBEGIN[0m
  ↳ /home/aseemar/.rbenv/versions/2.5.1/bin/rake:23
  [1m[35m (0.7ms)[0m  [1m[35mDROP TABLE "people"[0m
  ↳ /home/aseemar/.rbenv/versions/2.5.1/bin/rake:23
  [1m[36mActiveRecord::SchemaMigration Destroy (0.3ms)[0m  [1m[31mDELETE FROM "schema_migrations" WHERE "schema_migrations"."version" = $1[0m  [["version", "20190327051556"]]
  ↳ /home/aseemar/.rbenv/versions/2.5.1/bin/rake:23
  [1m[35m (25.7ms)[0m  [1m[35mCOMMIT[0m
  ↳ /home/aseemar/.rbenv/versions/2.5.1/bin/rake:23
  [1m[35m (0.3ms)[0m  [1m[34mSELECT pg_advisory_unlock(2430598305316995135)[0m
  ↳ /home/aseemar/.rbenv/versions/2.5.1/bin/rake:23
  [1m[35m (0.2ms)[0m  [1m[34mSELECT "schema_migrations"."version" FROM "schema_migrations" ORDER BY "schema_migrations"."version" ASC[0m
  ↳ /home/aseemar/.rbenv/versions/2.5.1/bin/rake:23
  [1m[35m (0.1ms)[0m  [1m[34mSELECT pg_try_advisory_lock(2430598305316995135)[0m
  ↳ /home/aseemar/.rbenv/versions/2.5.1/bin/rake:23
  [1m[35m (0.3ms)[0m  [1m[34mSELECT "schema_migrations"."version" FROM "schema_migrations" ORDER BY "schema_migrations"."version" ASC[0m
  ↳ /home/aseemar/.rbenv/versions/2.5.1/bin/rake:23
Migrating to CreatePeopleTable (20190327051556)
  [1m[35m (0.1ms)[0m  [1m[35mBEGIN[0m
  ↳ /home/aseemar/.rbenv/versions/2.5.1/bin/rake:23
  [1m[35m (66.2ms)[0m  [1m[35mCREATE TABLE "people" ("id" bigserial primary key, "name" character varying NOT NULL, "house_id" integer)[0m
  ↳ db/migrate/20190327051556_create_people_table.rb:3
  [1m[36mActiveRecord::SchemaMigration Create (0.4ms)[0m  [1m[32mINSERT INTO "schema_migrations" ("version") VALUES ($1) RETURNING "version"[0m  [["version", "20190327051556"]]
  ↳ /home/aseemar/.rbenv/versions/2.5.1/bin/rake:23
  [1m[35m (13.5ms)[0m  [1m[35mCOMMIT[0m
  ↳ /home/aseemar/.rbenv/versions/2.5.1/bin/rake:23
Migrating to CreateHouses (20190327053821)
  [1m[35m (0.2ms)[0m  [1m[35mBEGIN[0m
  ↳ /home/aseemar/.rbenv/versions/2.5.1/bin/rake:23
  [1m[35m (74.3ms)[0m  [1m[35mCREATE TABLE "houses" ("id" bigserial primary key, "name" character varying NOT NULL, "person_id" integer, "created_at" timestamp NOT NULL, "updated_at" timestamp NOT NULL)[0m
  ↳ db/migrate/20190327053821_create_houses.rb:3
  [1m[36mActiveRecord::SchemaMigration Create (0.7ms)[0m  [1m[32mINSERT INTO "schema_migrations" ("version") VALUES ($1) RETURNING "version"[0m  [["version", "20190327053821"]]
  ↳ /home/aseemar/.rbenv/versions/2.5.1/bin/rake:23
  [1m[35m (12.5ms)[0m  [1m[35mCOMMIT[0m
  ↳ /home/aseemar/.rbenv/versions/2.5.1/bin/rake:23
  [1m[36mActiveRecord::InternalMetadata Load (0.8ms)[0m  [1m[34mSELECT  "ar_internal_metadata".* FROM "ar_internal_metadata" WHERE "ar_internal_metadata"."key" = $1 LIMIT $2[0m  [["key", "environment"], ["LIMIT", 1]]
  ↳ /home/aseemar/.rbenv/versions/2.5.1/bin/rake:23
  [1m[35m (0.4ms)[0m  [1m[35mBEGIN[0m
  ↳ /home/aseemar/.rbenv/versions/2.5.1/bin/rake:23
  [1m[35m (0.4ms)[0m  [1m[35mCOMMIT[0m
  ↳ /home/aseemar/.rbenv/versions/2.5.1/bin/rake:23
  [1m[35m (0.5ms)[0m  [1m[34mSELECT pg_advisory_unlock(2430598305316995135)[0m
  ↳ /home/aseemar/.rbenv/versions/2.5.1/bin/rake:23
  [1m[35m (0.5ms)[0m  [1m[34mSELECT "schema_migrations"."version" FROM "schema_migrations" ORDER BY "schema_migrations"."version" ASC[0m
  ↳ /home/aseemar/.rbenv/versions/2.5.1/bin/rake:23
  [1m[35m (0.3ms)[0m  [1m[34mSELECT "schema_migrations"."version" FROM "schema_migrations" ORDER BY "schema_migrations"."version" ASC[0m
  ↳ /home/aseemar/.rbenv/versions/2.5.1/bin/rake:23
  [1m[35m (0.2ms)[0m  [1m[34mSELECT "schema_migrations"."version" FROM "schema_migrations" ORDER BY "schema_migrations"."version" ASC[0m
  ↳ /home/aseemar/.rbenv/versions/2.5.1/bin/rake:23
  [1m[35m (0.1ms)[0m  [1m[34mSELECT "schema_migrations"."version" FROM "schema_migrations" ORDER BY "schema_migrations"."version" ASC[0m
  ↳ /home/aseemar/.rbenv/versions/2.5.1/bin/rake:23
  [1m[35m (0.1ms)[0m  [1m[34mSELECT pg_try_advisory_lock(2430598305316995135)[0m
  ↳ /home/aseemar/.rbenv/versions/2.5.1/bin/rake:23
  [1m[35m (0.1ms)[0m  [1m[34mSELECT "schema_migrations"."version" FROM "schema_migrations" ORDER BY "schema_migrations"."version" ASC[0m
  ↳ /home/aseemar/.rbenv/versions/2.5.1/bin/rake:23
Migrating to CreateHouses (20190327053821)
  [1m[35m (0.1ms)[0m  [1m[35mBEGIN[0m
  ↳ /home/aseemar/.rbenv/versions/2.5.1/bin/rake:23
  [1m[35m (0.8ms)[0m  [1m[35mDROP TABLE "houses"[0m
  ↳ /home/aseemar/.rbenv/versions/2.5.1/bin/rake:23
  [1m[36mActiveRecord::SchemaMigration Destroy (0.3ms)[0m  [1m[31mDELETE FROM "schema_migrations" WHERE "schema_migrations"."version" = $1[0m  [["version", "20190327053821"]]
  ↳ /home/aseemar/.rbenv/versions/2.5.1/bin/rake:23
  [1m[35m (7.0ms)[0m  [1m[35mCOMMIT[0m
  ↳ /home/aseemar/.rbenv/versions/2.5.1/bin/rake:23
  [1m[35m (0.3ms)[0m  [1m[34mSELECT pg_advisory_unlock(2430598305316995135)[0m
  ↳ /home/aseemar/.rbenv/versions/2.5.1/bin/rake:23
  [1m[35m (0.2ms)[0m  [1m[34mSELECT "schema_migrations"."version" FROM "schema_migrations" ORDER BY "schema_migrations"."version" ASC[0m
  ↳ /home/aseemar/.rbenv/versions/2.5.1/bin/rake:23
  [1m[35m (0.4ms)[0m  [1m[34mSELECT "schema_migrations"."version" FROM "schema_migrations" ORDER BY "schema_migrations"."version" ASC[0m
  ↳ /home/aseemar/.rbenv/versions/2.5.1/bin/rake:23
  [1m[35m (0.2ms)[0m  [1m[34mSELECT "schema_migrations"."version" FROM "schema_migrations" ORDER BY "schema_migrations"."version" ASC[0m
  ↳ /home/aseemar/.rbenv/versions/2.5.1/bin/rake:23
  [1m[35m (0.2ms)[0m  [1m[34mSELECT "schema_migrations"."version" FROM "schema_migrations" ORDER BY "schema_migrations"."version" ASC[0m
  ↳ /home/aseemar/.rbenv/versions/2.5.1/bin/rake:23
  [1m[35m (0.1ms)[0m  [1m[34mSELECT pg_try_advisory_lock(2430598305316995135)[0m
  ↳ /home/aseemar/.rbenv/versions/2.5.1/bin/rake:23
  [1m[35m (0.2ms)[0m  [1m[34mSELECT "schema_migrations"."version" FROM "schema_migrations" ORDER BY "schema_migrations"."version" ASC[0m
  ↳ /home/aseemar/.rbenv/versions/2.5.1/bin/rake:23
Migrating to CreatePeopleTable (20190327051556)
  [1m[35m (0.1ms)[0m  [1m[35mBEGIN[0m
  ↳ /home/aseemar/.rbenv/versions/2.5.1/bin/rake:23
  [1m[35m (0.8ms)[0m  [1m[35mDROP TABLE "people"[0m
  ↳ /home/aseemar/.rbenv/versions/2.5.1/bin/rake:23
  [1m[36mActiveRecord::SchemaMigration Destroy (0.3ms)[0m  [1m[31mDELETE FROM "schema_migrations" WHERE "schema_migrations"."version" = $1[0m  [["version", "20190327051556"]]
  ↳ /home/aseemar/.rbenv/versions/2.5.1/bin/rake:23
  [1m[35m (19.2ms)[0m  [1m[35mCOMMIT[0m
  ↳ /home/aseemar/.rbenv/versions/2.5.1/bin/rake:23
  [1m[35m (0.3ms)[0m  [1m[34mSELECT pg_advisory_unlock(2430598305316995135)[0m
  ↳ /home/aseemar/.rbenv/versions/2.5.1/bin/rake:23
  [1m[35m (0.2ms)[0m  [1m[34mSELECT "schema_migrations"."version" FROM "schema_migrations" ORDER BY "schema_migrations"."version" ASC[0m
  ↳ /home/aseemar/.rbenv/versions/2.5.1/bin/rake:23
  [1m[35m (0.2ms)[0m  [1m[34mSELECT pg_try_advisory_lock(2430598305316995135)[0m
  ↳ /home/aseemar/.rbenv/versions/2.5.1/bin/rake:23
  [1m[35m (0.3ms)[0m  [1m[34mSELECT "schema_migrations"."version" FROM "schema_migrations" ORDER BY "schema_migrations"."version" ASC[0m
  ↳ /home/aseemar/.rbenv/versions/2.5.1/bin/rake:23
Migrating to CreatePeopleTable (20190327051556)
  [1m[35m (0.1ms)[0m  [1m[35mBEGIN[0m
  ↳ /home/aseemar/.rbenv/versions/2.5.1/bin/rake:23
  [1m[35m (60.1ms)[0m  [1m[35mCREATE TABLE "people" ("id" bigserial primary key, "name" character varying NOT NULL, "house_id" integer, "created_at" timestamp NOT NULL, "updated_at" timestamp NOT NULL)[0m
  ↳ db/migrate/20190327051556_create_people_table.rb:3
  [1m[36mActiveRecord::SchemaMigration Create (0.7ms)[0m  [1m[32mINSERT INTO "schema_migrations" ("version") VALUES ($1) RETURNING "version"[0m  [["version", "20190327051556"]]
  ↳ /home/aseemar/.rbenv/versions/2.5.1/bin/rake:23
  [1m[35m (13.2ms)[0m  [1m[35mCOMMIT[0m
  ↳ /home/aseemar/.rbenv/versions/2.5.1/bin/rake:23
Migrating to CreateHouses (20190327053821)
  [1m[35m (0.4ms)[0m  [1m[35mBEGIN[0m
  ↳ /home/aseemar/.rbenv/versions/2.5.1/bin/rake:23
  [1m[35m (58.4ms)[0m  [1m[35mCREATE TABLE "houses" ("id" bigserial primary key, "name" character varying NOT NULL, "person_id" integer, "created_at" timestamp NOT NULL, "updated_at" timestamp NOT NULL)[0m
  ↳ db/migrate/20190327053821_create_houses.rb:3
  [1m[36mActiveRecord::SchemaMigration Create (0.4ms)[0m  [1m[32mINSERT INTO "schema_migrations" ("version") VALUES ($1) RETURNING "version"[0m  [["version", "20190327053821"]]
  ↳ /home/aseemar/.rbenv/versions/2.5.1/bin/rake:23
  [1m[35m (10.6ms)[0m  [1m[35mCOMMIT[0m
  ↳ /home/aseemar/.rbenv/versions/2.5.1/bin/rake:23
  [1m[36mActiveRecord::InternalMetadata Load (0.6ms)[0m  [1m[34mSELECT  "ar_internal_metadata".* FROM "ar_internal_metadata" WHERE "ar_internal_metadata"."key" = $1 LIMIT $2[0m  [["key", "environment"], ["LIMIT", 1]]
  ↳ /home/aseemar/.rbenv/versions/2.5.1/bin/rake:23
  [1m[35m (0.3ms)[0m  [1m[35mBEGIN[0m
  ↳ /home/aseemar/.rbenv/versions/2.5.1/bin/rake:23
  [1m[35m (0.2ms)[0m  [1m[35mCOMMIT[0m
  ↳ /home/aseemar/.rbenv/versions/2.5.1/bin/rake:23
  [1m[35m (0.4ms)[0m  [1m[34mSELECT pg_advisory_unlock(2430598305316995135)[0m
  ↳ /home/aseemar/.rbenv/versions/2.5.1/bin/rake:23
  [1m[35m (0.7ms)[0m  [1m[34mSELECT "schema_migrations"."version" FROM "schema_migrations" ORDER BY "schema_migrations"."version" ASC[0m
  ↳ /home/aseemar/.rbenv/versions/2.5.1/bin/rake:23
  [1m[35m (0.4ms)[0m  [1m[35mBEGIN[0m
  [1m[36mHouse Create (1.6ms)[0m  [1m[32mINSERT INTO "houses" ("name", "created_at", "updated_at") VALUES ($1, $2, $3) RETURNING "id"[0m  [["name", "Beach House"], ["created_at", "2019-03-27 05:57:30.337790"], ["updated_at", "2019-03-27 05:57:30.337790"]]
  [1m[35m (13.7ms)[0m  [1m[35mCOMMIT[0m
  [1m[36mHouse Load (0.8ms)[0m  [1m[34mSELECT  "houses".* FROM "houses" ORDER BY "houses"."id" ASC LIMIT $1[0m  [["LIMIT", 1]]
  [1m[35m (0.4ms)[0m  [1m[35mBEGIN[0m
  [1m[36mHouse Create (0.7ms)[0m  [1m[32mINSERT INTO "houses" ("name", "created_at", "updated_at") VALUES ($1, $2, $3) RETURNING "id"[0m  [["name", "Pent House"], ["created_at", "2019-03-27 05:59:07.387315"], ["updated_at", "2019-03-27 05:59:07.387315"]]
  [1m[35m (12.3ms)[0m  [1m[35mCOMMIT[0m
  [1m[36mHouse Load (0.5ms)[0m  [1m[34mSELECT "houses".* FROM "houses"[0m
  [1m[35m (0.3ms)[0m  [1m[35mBEGIN[0m
  [1m[36mPerson Create (1.3ms)[0m  [1m[32mINSERT INTO "people" ("name", "house_id", "created_at", "updated_at") VALUES ($1, $2, $3, $4) RETURNING "id"[0m  [["name", "Alex"], ["house_id", 1], ["created_at", "2019-03-27 06:00:44.591145"], ["updated_at", "2019-03-27 06:00:44.591145"]]
  [1m[35m (17.6ms)[0m  [1m[35mCOMMIT[0m
  [1m[35m (0.3ms)[0m  [1m[35mBEGIN[0m
  [1m[36mPerson Create (0.3ms)[0m  [1m[32mINSERT INTO "people" ("name", "house_id", "created_at", "updated_at") VALUES ($1, $2, $3, $4) RETURNING "id"[0m  [["name", "Johnnie"], ["house_id", 1], ["created_at", "2019-03-27 06:01:25.413852"], ["updated_at", "2019-03-27 06:01:25.413852"]]
  [1m[35m (15.2ms)[0m  [1m[35mCOMMIT[0m
  [1m[35m (0.4ms)[0m  [1m[35mBEGIN[0m
  [1m[36mPerson Create (0.3ms)[0m  [1m[32mINSERT INTO "people" ("name", "house_id", "created_at", "updated_at") VALUES ($1, $2, $3, $4) RETURNING "id"[0m  [["name", "Adlan"], ["house_id", 2], ["created_at", "2019-03-27 06:01:53.638483"], ["updated_at", "2019-03-27 06:01:53.638483"]]
  [1m[35m (7.5ms)[0m  [1m[35mCOMMIT[0m
  [1m[35m (0.4ms)[0m  [1m[35mBEGIN[0m
  [1m[36mPerson Create (0.4ms)[0m  [1m[32mINSERT INTO "people" ("name", "house_id", "created_at", "updated_at") VALUES ($1, $2, $3, $4) RETURNING "id"[0m  [["name", "Ajay"], ["house_id", 2], ["created_at", "2019-03-27 06:02:05.103148"], ["updated_at", "2019-03-27 06:02:05.103148"]]
  [1m[35m (9.4ms)[0m  [1m[35mCOMMIT[0m
  [1m[35m (0.4ms)[0m  [1m[35mBEGIN[0m
  [1m[36mPerson Create (0.7ms)[0m  [1m[32mINSERT INTO "people" ("name", "house_id", "created_at", "updated_at") VALUES ($1, $2, $3, $4) RETURNING "id"[0m  [["name", "Rhino"], ["house_id", 2], ["created_at", "2019-03-27 06:02:15.518245"], ["updated_at", "2019-03-27 06:02:15.518245"]]
  [1m[35m (10.4ms)[0m  [1m[35mCOMMIT[0m
  [1m[35m (0.4ms)[0m  [1m[35mBEGIN[0m
  [1m[36mHouse Create (0.3ms)[0m  [1m[32mINSERT INTO "houses" ("name", "created_at", "updated_at") VALUES ($1, $2, $3) RETURNING "id"[0m  [["name", "Crackhouse"], ["created_at", "2019-03-27 06:02:46.532379"], ["updated_at", "2019-03-27 06:02:46.532379"]]
  [1m[35m (6.2ms)[0m  [1m[35mCOMMIT[0m
  [1m[35m (0.4ms)[0m  [1m[35mBEGIN[0m
  [1m[36mPerson Create (0.7ms)[0m  [1m[32mINSERT INTO "people" ("name", "house_id", "created_at", "updated_at") VALUES ($1, $2, $3, $4) RETURNING "id"[0m  [["name", "Jalapeno"], ["house_id", 3], ["created_at", "2019-03-27 06:03:13.125906"], ["updated_at", "2019-03-27 06:03:13.125906"]]
  [1m[35m (11.8ms)[0m  [1m[35mCOMMIT[0m
  [1m[36mPerson Load (0.3ms)[0m  [1m[34mSELECT  "people".* FROM "people" ORDER BY "people"."id" DESC LIMIT $1[0m  [["LIMIT", 1]]
  [1m[36mHouse Load (0.2ms)[0m  [1m[34mSELECT  "houses".* FROM "houses" WHERE "houses"."id" = $1 LIMIT $2[0m  [["id", 3], ["LIMIT", 1]]
  [1m[36mHouse Load (1.0ms)[0m  [1m[34mSELECT "houses".* FROM "houses"[0m
  [1m[36mHouse Load (0.7ms)[0m  [1m[34mSELECT "houses".* FROM "houses"[0m
  [1m[36mPerson Load (0.5ms)[0m  [1m[34mSELECT "people".* FROM "people"[0m
  [1m[36mHouse Load (0.4ms)[0m  [1m[34mSELECT "houses".* FROM "houses"[0m
  [1m[36mHouse Load (0.2ms)[0m  [1m[34mSELECT  "houses".* FROM "houses" ORDER BY "houses"."id" ASC LIMIT $1[0m  [["LIMIT", 1]]
  [1m[36mHouse Load (0.3ms)[0m  [1m[34mSELECT  "houses".* FROM "houses" ORDER BY "houses"."id" ASC LIMIT $1[0m  [["LIMIT", 1]]
  [1m[35m (0.2ms)[0m  [1m[35mBEGIN[0m
  [1m[35m (0.1ms)[0m  [1m[35mCOMMIT[0m
  [1m[36mHouse Load (0.3ms)[0m  [1m[34mSELECT "houses".* FROM "houses"[0m
  [1m[35m (0.3ms)[0m  [1m[35mBEGIN[0m
  [1m[36mHouse Create (0.3ms)[0m  [1m[32mINSERT INTO "houses" ("name", "person_id", "created_at", "updated_at") VALUES ($1, $2, $3, $4) RETURNING "id"[0m  [["name", "Beach House"], ["person_id", 1], ["created_at", "2019-03-27 06:19:32.593979"], ["updated_at", "2019-03-27 06:19:32.593979"]]
  [1m[35m (12.9ms)[0m  [1m[35mCOMMIT[0m
  [1m[35m (0.3ms)[0m  [1m[35mBEGIN[0m
  [1m[36mHouse Create (0.3ms)[0m  [1m[32mINSERT INTO "houses" ("name", "person_id", "created_at", "updated_at") VALUES ($1, $2, $3, $4) RETURNING "id"[0m  [["name", "Beach House"], ["person_id", 2], ["created_at", "2019-03-27 06:19:45.512268"], ["updated_at", "2019-03-27 06:19:45.512268"]]
  [1m[35m (11.7ms)[0m  [1m[35mCOMMIT[0m
  [1m[35m (0.3ms)[0m  [1m[35mBEGIN[0m
  [1m[36mHouse Create (0.7ms)[0m  [1m[32mINSERT INTO "houses" ("name", "person_id", "created_at", "updated_at") VALUES ($1, $2, $3, $4) RETURNING "id"[0m  [["name", "Pent House"], ["person_id", 3], ["created_at", "2019-03-27 06:20:04.329561"], ["updated_at", "2019-03-27 06:20:04.329561"]]
  [1m[35m (9.0ms)[0m  [1m[35mCOMMIT[0m
  [1m[35m (0.4ms)[0m  [1m[35mBEGIN[0m
  [1m[36mHouse Create (0.7ms)[0m  [1m[32mINSERT INTO "houses" ("name", "person_id", "created_at", "updated_at") VALUES ($1, $2, $3, $4) RETURNING "id"[0m  [["name", "Pent House"], ["person_id", 4], ["created_at", "2019-03-27 06:20:16.659118"], ["updated_at", "2019-03-27 06:20:16.659118"]]
  [1m[35m (13.6ms)[0m  [1m[35mCOMMIT[0m
  [1m[35m (0.3ms)[0m  [1m[35mBEGIN[0m
  [1m[36mHouse Create (0.6ms)[0m  [1m[32mINSERT INTO "houses" ("name", "person_id", "created_at", "updated_at") VALUES ($1, $2, $3, $4) RETURNING "id"[0m  [["name", "Pent House"], ["person_id", 5], ["created_at", "2019-03-27 06:20:23.688239"], ["updated_at", "2019-03-27 06:20:23.688239"]]
  [1m[35m (10.1ms)[0m  [1m[35mCOMMIT[0m
  [1m[36mHouse Load (0.7ms)[0m  [1m[34mSELECT  "houses".* FROM "houses" ORDER BY "houses"."id" ASC LIMIT $1[0m  [["LIMIT", 1]]
  [1m[36mHouse Load (0.4ms)[0m  [1m[34mSELECT  "houses".* FROM "houses" ORDER BY "houses"."id" ASC LIMIT $1[0m  [["LIMIT", 1]]
  [1m[36mHouse Load (0.2ms)[0m  [1m[34mSELECT  "houses".* FROM "houses" WHERE "houses"."id" = $1 LIMIT $2[0m  [["id", 5], ["LIMIT", 1]]
  [1m[36mHouse Load (0.7ms)[0m  [1m[34mSELECT  "houses".* FROM "houses" WHERE "houses"."id" = $1 LIMIT $2[0m  [["id", 5], ["LIMIT", 1]]
